<?xml version="1.0" encoding="UTF-8"?>
<!-- Generated by org.testng.reporters.JUnitReportReporter -->
<testsuite skipped="0" hostname="DESKTOP-626U24Q" name="com.adminlte.qa.testcases.Demo" tests="2" failures="0" timestamp="2019-12-27T22:18:06 IST" time="0.013" errors="0">
  <testcase name="f" time="0.010" classname="com.adminlte.qa.testcases.Demo"/>
  <testcase name="f2" time="0.003" classname="com.adminlte.qa.testcases.Demo"/>
</testsuite> <!-- com.adminlte.qa.testcases.Demo -->
