<?xml version="1.0" encoding="UTF-8"?>
<!-- Generated by org.testng.reporters.JUnitReportReporter -->
<testsuite skipped="0" hostname="DESKTOP-626U24Q" name="com.adminlte.qa.testcases.UserPageTestcases" tests="4" failures="0" timestamp="2019-12-27T17:42:38 IST" time="68.097" errors="0">
  <testcase name="tabletiledisplayTest" time="13.002" classname="com.adminlte.qa.testcases.UserPageTestcases"/>
  <testcase name="clickonAdduserTest" time="14.641" classname="com.adminlte.qa.testcases.UserPageTestcases"/>
  <testcase name="clickondeleteTest" time="25.614" classname="com.adminlte.qa.testcases.UserPageTestcases"/>
  <testcase name="clickonLogoutTest" time="14.840" classname="com.adminlte.qa.testcases.UserPageTestcases"/>
</testsuite> <!-- com.adminlte.qa.testcases.UserPageTestcases -->
