<?xml version="1.0" encoding="UTF-8"?>
<!-- Generated by org.testng.reporters.JUnitReportReporter -->
<testsuite skipped="0" hostname="DESKTOP-626U24Q" name="com.adminlte.qa.testcases.DashboardTest" tests="5" failures="0" timestamp="2019-12-27T17:42:38 IST" time="72.459" errors="0">
  <testcase name="verifycorrectUsernamedisplayedTest" time="14.170" classname="com.adminlte.qa.testcases.DashboardTest"/>
  <testcase name="clickonUserTest" time="14.921" classname="com.adminlte.qa.testcases.DashboardTest"/>
  <testcase name="clickonOperatorsTest" time="16.723" classname="com.adminlte.qa.testcases.DashboardTest"/>
  <testcase name="clickseleniumtestingsyllabustabTest" time="13.194" classname="com.adminlte.qa.testcases.DashboardTest"/>
  <testcase name="clickPythonsyllabustabTest" time="13.451" classname="com.adminlte.qa.testcases.DashboardTest"/>
</testsuite> <!-- com.adminlte.qa.testcases.DashboardTest -->
