<?xml version="1.0" encoding="UTF-8"?>
<!-- Generated by org.testng.reporters.JUnitReportReporter -->
<testsuite skipped="0" hostname="DESKTOP-626U24Q" name="com.adminlte.qa.testcases.LoginpageTestcases" tests="5" failures="0" timestamp="2019-12-27T17:54:31 IST" time="65.454" errors="0">
  <testcase name="loginpageTitletest" time="12.661" classname="com.adminlte.qa.testcases.LoginpageTestcases"/>
  <testcase name="checklogotest" time="18.129" classname="com.adminlte.qa.testcases.LoginpageTestcases"/>
  <testcase name="loginTestwith_Invalid_data" time="11.394" classname="com.adminlte.qa.testcases.LoginpageTestcases"/>
  <testcase name="loginTestwith_Invalid_data" time="11.431" classname="com.adminlte.qa.testcases.LoginpageTestcases"/>
  <testcase name="LoginTest" time="11.839" classname="com.adminlte.qa.testcases.LoginpageTestcases"/>
</testsuite> <!-- com.adminlte.qa.testcases.LoginpageTestcases -->
