<?xml version="1.0" encoding="UTF-8"?>
<!-- Generated by org.testng.reporters.JUnitReportReporter -->
<testsuite skipped="0" hostname="DESKTOP-626U24Q" name="com.adminlte.qa.testcases.UserPageTestcases" tests="4" failures="0" timestamp="27 Dec 2019 12:39:28 GMT" time="70.902" errors="0">
  <testcase name="tabletiledisplayTest" time="14.360" classname="com.adminlte.qa.testcases.UserPageTestcases"/>
  <testcase name="clickonAdduserTest" time="15.277" classname="com.adminlte.qa.testcases.UserPageTestcases"/>
  <testcase name="clickondeleteTest" time="25.443" classname="com.adminlte.qa.testcases.UserPageTestcases"/>
  <testcase name="clickonLogoutTest" time="15.822" classname="com.adminlte.qa.testcases.UserPageTestcases"/>
</testsuite> <!-- com.adminlte.qa.testcases.UserPageTestcases -->
