<?xml version="1.0" encoding="UTF-8"?>
<!-- Generated by org.testng.reporters.JUnitReportReporter -->
<testsuite skipped="0" hostname="DESKTOP-626U24Q" name="com.adminlte.qa.testcases.DashboardTest" tests="5" failures="0" timestamp="27 Dec 2019 12:39:28 GMT" time="76.595" errors="0">
  <testcase name="verifycorrectUsernamedisplayedTest" time="13.597" classname="com.adminlte.qa.testcases.DashboardTest"/>
  <testcase name="clickonUserTest" time="15.310" classname="com.adminlte.qa.testcases.DashboardTest"/>
  <testcase name="clickonOperatorsTest" time="15.050" classname="com.adminlte.qa.testcases.DashboardTest"/>
  <testcase name="clickseleniumtestingsyllabustabTest" time="16.658" classname="com.adminlte.qa.testcases.DashboardTest"/>
  <testcase name="clickPythonsyllabustabTest" time="15.980" classname="com.adminlte.qa.testcases.DashboardTest"/>
</testsuite> <!-- com.adminlte.qa.testcases.DashboardTest -->
