<?xml version="1.0" encoding="UTF-8"?>
<!-- Generated by org.testng.reporters.JUnitReportReporter -->
<testsuite skipped="0" hostname="DESKTOP-626U24Q" name="com.adminlte.qa.testcases.LoginpageTestcases" tests="5" failures="0" timestamp="27 Dec 2019 12:39:28 GMT" time="59.527" errors="0">
  <testcase name="loginpageTitletest" time="11.047" classname="com.adminlte.qa.testcases.LoginpageTestcases"/>
  <testcase name="checklogotest" time="10.901" classname="com.adminlte.qa.testcases.LoginpageTestcases"/>
  <testcase name="loginTestwith_Invalid_data" time="11.973" classname="com.adminlte.qa.testcases.LoginpageTestcases"/>
  <testcase name="loginTestwith_Invalid_data" time="12.876" classname="com.adminlte.qa.testcases.LoginpageTestcases"/>
  <testcase name="LoginTest" time="12.730" classname="com.adminlte.qa.testcases.LoginpageTestcases"/>
</testsuite> <!-- com.adminlte.qa.testcases.LoginpageTestcases -->
